<!DOCTYPE html PUBLIC "-//W3C//DTD XHTML 1.1//EN" "http://www.w3.org/TR/xhtml11/DTD/xhtml11.dtd">
<html xmlns="http://www.w3.org/1999/xhtml"><head><title>TestNG Report</title><style type="text/css">table {margin-bottom:10px;border-collapse:collapse;empty-cells:show}th,td {border:1px solid #009;padding:.25em .5em}th {vertical-align:bottom}td {vertical-align:top}table a {font-weight:bold}.stripe td {background-color: #E6EBF9}.num {text-align:right}.passedodd td {background-color: #3F3}.passedeven td {background-color: #0A0}.skippedodd td {background-color: #DDD}.skippedeven td {background-color: #CCC}.failedodd td,.attn {background-color: #F33}.failedeven td,.stripe .attn {background-color: #D00}.stacktrace {white-space:pre;font-family:monospace}.totop {font-size:85%;text-align:center;border-bottom:2px solid #000}</style></head><body><table><tr><th>Test</th><th># Passed</th><th># Skipped</th><th># Failed</th><th>Time (ms)</th><th>Included Groups</th><th>Excluded Groups</th></tr><tr><th colspan="7">Test for Sample Application</th></tr><tr><td><a href="#t0">Testcase for Login</a></td><td class="num">0</td><td class="num attn">3</td><td class="num">0</td><td class="num">93</td><td></td><td></td></tr><tr class="stripe"><td><a href="#t1">Testcase for Register</a></td><td class="num">0</td><td class="num attn">2</td><td class="num">0</td><td class="num">5</td><td></td><td></td></tr><tr><td><a href="#t2">Testcase for FB Login</a></td><td class="num">0</td><td class="num attn">1</td><td class="num">0</td><td class="num">4</td><td></td><td></td></tr><tr><th>Total</th><th class="num">0</th><th class="num attn">6</th><th class="num">0</th><th class="num">102</th><th colspan="2"></th></tr></table><table id='summary'><thead><tr><th>Class</th><th>Method</th><th>Start</th><th>Time (ms)</th></tr></thead><tbody><tr><th colspan="4">Test for Sample Application</th></tr></tbody><tbody id="t0"><tr><th colspan="4">Testcase for Login &#8212; skipped (configuration methods)</th></tr><tr class="skippedeven"><td rowspan="5">com.kony.appiumtests.tests.FrmLoginTest</td><td><a href="#m0">afterTest</a></td><td rowspan="1">1513857857039</td><td rowspan="1">0</td></tr><tr class="skippedeven"><td><a href="#m1">beforeMethod</a></td><td rowspan="1">1513857857018</td><td rowspan="1">0</td></tr><tr class="skippedeven"><td><a href="#m2">navigateTo</a></td><td rowspan="1">1513857856990</td><td rowspan="1">0</td></tr><tr class="skippedeven"><td><a href="#m3">setUpPage</a></td><td rowspan="2">1513857856953</td><td rowspan="2">0</td></tr><tr class="skippedeven"><td><a href="#m4">setUpPage</a></td></tr><tr class="skippedodd"><td rowspan="3">com.kony.appiumtests.tests.FrmMainTest</td><td><a href="#m5">beforeMethod</a></td><td rowspan="2">1513857857037</td><td rowspan="2">0</td></tr><tr class="skippedodd"><td><a href="#m6">beforeMethod</a></td></tr><tr class="skippedodd"><td><a href="#m7">navigateTo</a></td><td rowspan="1">1513857857036</td><td rowspan="1">0</td></tr><tr><th colspan="4">Testcase for Login &#8212; skipped</th></tr><tr class="skippedeven"><td rowspan="1">com.kony.appiumtests.tests.FrmLoginTest</td><td><a href="#m8">testLogin</a></td><td rowspan="1">1513857857031</td><td rowspan="1">0</td></tr><tr class="skippedodd"><td rowspan="2">com.kony.appiumtests.tests.FrmMainTest</td><td><a href="#m9">testlogOut</a></td><td rowspan="1">1513857857039</td><td rowspan="1">0</td></tr><tr class="skippedodd"><td><a href="#m10">testloginmessage</a></td><td rowspan="1">1513857857037</td><td rowspan="1">0</td></tr></tbody><tbody id="t1"><tr><th colspan="4">Testcase for Register &#8212; skipped (configuration methods)</th></tr><tr class="skippedeven"><td rowspan="5">com.kony.appiumtests.tests.FrmRegisterTest</td><td><a href="#m11">afterTest</a></td><td rowspan="1">1513857857212</td><td rowspan="1">0</td></tr><tr class="skippedeven"><td><a href="#m12">beforeMethod</a></td><td rowspan="2">1513857857211</td><td rowspan="2">0</td></tr><tr class="skippedeven"><td><a href="#m13">beforeMethod</a></td></tr><tr class="skippedeven"><td><a href="#m14">navigateTo</a></td><td rowspan="1">1513857857209</td><td rowspan="1">0</td></tr><tr class="skippedeven"><td><a href="#m15">setUpPage</a></td><td rowspan="1">1513857857208</td><td rowspan="1">0</td></tr><tr><th colspan="4">Testcase for Register &#8212; skipped</th></tr><tr class="skippedeven"><td rowspan="2">com.kony.appiumtests.tests.FrmRegisterTest</td><td><a href="#m16">testregistercancel</a></td><td rowspan="1">1513857857211</td><td rowspan="1">0</td></tr><tr class="skippedeven"><td><a href="#m17">testregisteruser</a></td><td rowspan="1">1513857857212</td><td rowspan="1">0</td></tr></tbody><tbody id="t2"><tr><th colspan="4">Testcase for FB Login &#8212; failed (configuration methods)</th></tr><tr class="failedeven"><td rowspan="1">com.kony.appiumtests.tests.FrmFBLoginTest</td><td><a href="#m18">beforeSuite</a></td><td rowspan="1">1513857854464</td><td rowspan="1">2446</td></tr><tr><th colspan="4">Testcase for FB Login &#8212; skipped (configuration methods)</th></tr><tr class="skippedeven"><td rowspan="5">com.kony.appiumtests.tests.FrmFBLoginTest</td><td><a href="#m19">afterTest</a></td><td rowspan="1">1513857857249</td><td rowspan="1">0</td></tr><tr class="skippedeven"><td><a href="#m20">beforeMethod</a></td><td rowspan="1">1513857857247</td><td rowspan="1">0</td></tr><tr class="skippedeven"><td><a href="#m21">navigateTo</a></td><td rowspan="1">1513857857246</td><td rowspan="1">0</td></tr><tr class="skippedeven"><td><a href="#m22">setUpPage</a></td><td rowspan="1">1513857857245</td><td rowspan="1">0</td></tr><tr class="skippedeven"><td><a href="#m23">tearDownAppium</a></td><td rowspan="1">1513857857277</td><td rowspan="1">0</td></tr><tr><th colspan="4">Testcase for FB Login &#8212; skipped</th></tr><tr class="skippedeven"><td rowspan="1">com.kony.appiumtests.tests.FrmFBLoginTest</td><td><a href="#m24">testfblogin</a></td><td rowspan="1">1513857857247</td><td rowspan="1">0</td></tr></tbody></table><h2>Testcase for Login</h2><h3 id="m0">com.kony.appiumtests.tests.FrmLoginTest#afterTest</h3><table class="result"></table><p class="totop"><a href="#summary">back to summary</a></p><h3 id="m1">com.kony.appiumtests.tests.FrmLoginTest#beforeMethod</h3><table class="result"></table><p class="totop"><a href="#summary">back to summary</a></p><h3 id="m2">com.kony.appiumtests.tests.FrmLoginTest#navigateTo</h3><table class="result"></table><p class="totop"><a href="#summary">back to summary</a></p><h3 id="m3">com.kony.appiumtests.tests.FrmLoginTest#setUpPage</h3><table class="result"></table><p class="totop"><a href="#summary">back to summary</a></p><h3 id="m4">com.kony.appiumtests.tests.FrmLoginTest#setUpPage</h3><table class="result"></table><p class="totop"><a href="#summary">back to summary</a></p><h3 id="m5">com.kony.appiumtests.tests.FrmMainTest#beforeMethod</h3><table class="result"></table><p class="totop"><a href="#summary">back to summary</a></p><h3 id="m6">com.kony.appiumtests.tests.FrmMainTest#beforeMethod</h3><table class="result"></table><p class="totop"><a href="#summary">back to summary</a></p><h3 id="m7">com.kony.appiumtests.tests.FrmMainTest#navigateTo</h3><table class="result"></table><p class="totop"><a href="#summary">back to summary</a></p><h3 id="m8">com.kony.appiumtests.tests.FrmLoginTest#testLogin</h3><table class="result"></table><p class="totop"><a href="#summary">back to summary</a></p><h3 id="m9">com.kony.appiumtests.tests.FrmMainTest#testlogOut</h3><table class="result"></table><p class="totop"><a href="#summary">back to summary</a></p><h3 id="m10">com.kony.appiumtests.tests.FrmMainTest#testloginmessage</h3><table class="result"></table><p class="totop"><a href="#summary">back to summary</a></p><h2>Testcase for Register</h2><h3 id="m11">com.kony.appiumtests.tests.FrmRegisterTest#afterTest</h3><table class="result"></table><p class="totop"><a href="#summary">back to summary</a></p><h3 id="m12">com.kony.appiumtests.tests.FrmRegisterTest#beforeMethod</h3><table class="result"></table><p class="totop"><a href="#summary">back to summary</a></p><h3 id="m13">com.kony.appiumtests.tests.FrmRegisterTest#beforeMethod</h3><table class="result"></table><p class="totop"><a href="#summary">back to summary</a></p><h3 id="m14">com.kony.appiumtests.tests.FrmRegisterTest#navigateTo</h3><table class="result"></table><p class="totop"><a href="#summary">back to summary</a></p><h3 id="m15">com.kony.appiumtests.tests.FrmRegisterTest#setUpPage</h3><table class="result"></table><p class="totop"><a href="#summary">back to summary</a></p><h3 id="m16">com.kony.appiumtests.tests.FrmRegisterTest#testregistercancel</h3><table class="result"></table><p class="totop"><a href="#summary">back to summary</a></p><h3 id="m17">com.kony.appiumtests.tests.FrmRegisterTest#testregisteruser</h3><table class="result"></table><p class="totop"><a href="#summary">back to summary</a></p><h2>Testcase for FB Login</h2><h3 id="m18">com.kony.appiumtests.tests.FrmFBLoginTest#beforeSuite</h3><table class="result"><tr><th>Exception</th></tr><tr><td><div class="stacktrace">org.openqa.selenium.SessionNotCreatedException: A new session could not be created. (Original error: The following desired capabilities are required, but were not provided: deviceName) (WARNING: The server did not provide any stacktrace information)
Command duration or timeout: 466 milliseconds
Build info: version: &apos;3.8.0&apos;, revision: &apos;924c4067df&apos;, time: &apos;2017-11-30T11:20:39.408Z&apos;
System info: host: &apos;KH170&apos;, ip: &apos;10.10.2.48&apos;, os.name: &apos;Windows 10&apos;, os.arch: &apos;amd64&apos;, os.version: &apos;10.0&apos;, java.version: &apos;1.8.0_152&apos;
Driver info: driver.version: IOSDriver
	at org.openqa.selenium.remote.ErrorHandler.createThrowable(ErrorHandler.java:214)
	at org.openqa.selenium.remote.ErrorHandler.throwIfResponseFailed(ErrorHandler.java:166)
	at org.openqa.selenium.remote.JsonWireProtocolResponse.lambda$new$0(JsonWireProtocolResponse.java:53)
	at org.openqa.selenium.remote.JsonWireProtocolResponse.lambda$getResponseFunction$2(JsonWireProtocolResponse.java:91)
	at org.openqa.selenium.remote.ProtocolHandshake.lambda$createSession$0(ProtocolHandshake.java:123)
	at java.util.stream.ReferencePipeline$3$1.accept(ReferencePipeline.java:193)
	at java.util.Spliterators$ArraySpliterator.tryAdvance(Spliterators.java:958)
	at java.util.stream.ReferencePipeline.forEachWithCancel(ReferencePipeline.java:126)
	at java.util.stream.AbstractPipeline.copyIntoWithCancel(AbstractPipeline.java:498)
	at java.util.stream.AbstractPipeline.copyInto(AbstractPipeline.java:485)
	at java.util.stream.AbstractPipeline.wrapAndCopyInto(AbstractPipeline.java:471)
	at java.util.stream.FindOps$FindOp.evaluateSequential(FindOps.java:152)
	at java.util.stream.AbstractPipeline.evaluate(AbstractPipeline.java:234)
	at java.util.stream.ReferencePipeline.findFirst(ReferencePipeline.java:464)
	at org.openqa.selenium.remote.ProtocolHandshake.createSession(ProtocolHandshake.java:126)
	at org.openqa.selenium.remote.ProtocolHandshake.createSession(ProtocolHandshake.java:73)
	at org.openqa.selenium.remote.HttpCommandExecutor.execute(HttpCommandExecutor.java:142)
	at io.appium.java_client.remote.AppiumCommandExecutor.execute(AppiumCommandExecutor.java:89)
	at org.openqa.selenium.remote.RemoteWebDriver.execute(RemoteWebDriver.java:601)
	at io.appium.java_client.DefaultGenericMobileDriver.execute(DefaultGenericMobileDriver.java:42)
	at io.appium.java_client.AppiumDriver.execute(AppiumDriver.java:1)
	at io.appium.java_client.ios.IOSDriver.execute(IOSDriver.java:1)
	at org.openqa.selenium.remote.RemoteWebDriver.startSession(RemoteWebDriver.java:219)
	at org.openqa.selenium.remote.RemoteWebDriver.&lt;init&gt;(RemoteWebDriver.java:142)
	at io.appium.java_client.DefaultGenericMobileDriver.&lt;init&gt;(DefaultGenericMobileDriver.java:38)
	at io.appium.java_client.AppiumDriver.&lt;init&gt;(AppiumDriver.java:83)
	at io.appium.java_client.AppiumDriver.&lt;init&gt;(AppiumDriver.java:93)
	at io.appium.java_client.ios.IOSDriver.&lt;init&gt;(IOSDriver.java:78)
	at com.kony.appiumtests.tests.BaseTest.beforeSuite(BaseTest.java:66)
... Removed 26 stack frames</div></td></tr></table><p class="totop"><a href="#summary">back to summary</a></p><h3 id="m19">com.kony.appiumtests.tests.FrmFBLoginTest#afterTest</h3><table class="result"></table><p class="totop"><a href="#summary">back to summary</a></p><h3 id="m20">com.kony.appiumtests.tests.FrmFBLoginTest#beforeMethod</h3><table class="result"></table><p class="totop"><a href="#summary">back to summary</a></p><h3 id="m21">com.kony.appiumtests.tests.FrmFBLoginTest#navigateTo</h3><table class="result"></table><p class="totop"><a href="#summary">back to summary</a></p><h3 id="m22">com.kony.appiumtests.tests.FrmFBLoginTest#setUpPage</h3><table class="result"></table><p class="totop"><a href="#summary">back to summary</a></p><h3 id="m23">com.kony.appiumtests.tests.FrmFBLoginTest#tearDownAppium</h3><table class="result"></table><p class="totop"><a href="#summary">back to summary</a></p><h3 id="m24">com.kony.appiumtests.tests.FrmFBLoginTest#testfblogin</h3><table class="result"><tr><th>Exception</th></tr><tr><td><div class="stacktrace">org.openqa.selenium.SessionNotCreatedException: A new session could not be created. (Original error: The following desired capabilities are required, but were not provided: deviceName) (WARNING: The server did not provide any stacktrace information)
Command duration or timeout: 466 milliseconds
Build info: version: &apos;3.8.0&apos;, revision: &apos;924c4067df&apos;, time: &apos;2017-11-30T11:20:39.408Z&apos;
System info: host: &apos;KH170&apos;, ip: &apos;10.10.2.48&apos;, os.name: &apos;Windows 10&apos;, os.arch: &apos;amd64&apos;, os.version: &apos;10.0&apos;, java.version: &apos;1.8.0_152&apos;
Driver info: driver.version: IOSDriver
	at org.openqa.selenium.remote.ErrorHandler.createThrowable(ErrorHandler.java:214)
	at org.openqa.selenium.remote.ErrorHandler.throwIfResponseFailed(ErrorHandler.java:166)
	at org.openqa.selenium.remote.JsonWireProtocolResponse.lambda$new$0(JsonWireProtocolResponse.java:53)
	at org.openqa.selenium.remote.JsonWireProtocolResponse.lambda$getResponseFunction$2(JsonWireProtocolResponse.java:91)
	at org.openqa.selenium.remote.ProtocolHandshake.lambda$createSession$0(ProtocolHandshake.java:123)
	at java.util.stream.ReferencePipeline$3$1.accept(ReferencePipeline.java:193)
	at java.util.Spliterators$ArraySpliterator.tryAdvance(Spliterators.java:958)
	at java.util.stream.ReferencePipeline.forEachWithCancel(ReferencePipeline.java:126)
	at java.util.stream.AbstractPipeline.copyIntoWithCancel(AbstractPipeline.java:498)
	at java.util.stream.AbstractPipeline.copyInto(AbstractPipeline.java:485)
	at java.util.stream.AbstractPipeline.wrapAndCopyInto(AbstractPipeline.java:471)
	at java.util.stream.FindOps$FindOp.evaluateSequential(FindOps.java:152)
	at java.util.stream.AbstractPipeline.evaluate(AbstractPipeline.java:234)
	at java.util.stream.ReferencePipeline.findFirst(ReferencePipeline.java:464)
	at org.openqa.selenium.remote.ProtocolHandshake.createSession(ProtocolHandshake.java:126)
	at org.openqa.selenium.remote.ProtocolHandshake.createSession(ProtocolHandshake.java:73)
	at org.openqa.selenium.remote.HttpCommandExecutor.execute(HttpCommandExecutor.java:142)
	at io.appium.java_client.remote.AppiumCommandExecutor.execute(AppiumCommandExecutor.java:89)
	at org.openqa.selenium.remote.RemoteWebDriver.execute(RemoteWebDriver.java:601)
	at io.appium.java_client.DefaultGenericMobileDriver.execute(DefaultGenericMobileDriver.java:42)
	at io.appium.java_client.AppiumDriver.execute(AppiumDriver.java:1)
	at io.appium.java_client.ios.IOSDriver.execute(IOSDriver.java:1)
	at org.openqa.selenium.remote.RemoteWebDriver.startSession(RemoteWebDriver.java:219)
	at org.openqa.selenium.remote.RemoteWebDriver.&lt;init&gt;(RemoteWebDriver.java:142)
	at io.appium.java_client.DefaultGenericMobileDriver.&lt;init&gt;(DefaultGenericMobileDriver.java:38)
	at io.appium.java_client.AppiumDriver.&lt;init&gt;(AppiumDriver.java:83)
	at io.appium.java_client.AppiumDriver.&lt;init&gt;(AppiumDriver.java:93)
	at io.appium.java_client.ios.IOSDriver.&lt;init&gt;(IOSDriver.java:78)
	at com.kony.appiumtests.tests.BaseTest.beforeSuite(BaseTest.java:66)
... Removed 26 stack frames</div></td></tr></table><p class="totop"><a href="#summary">back to summary</a></p></body></html>