<?xml version="1.0" encoding="UTF-8"?>
<testsuite xmlns:xsi="http://www.w3.org/2001/XMLSchema-instance" xsi:schemaLocation="https://maven.apache.org/surefire/maven-surefire-plugin/xsd/surefire-test-report.xsd" name="TestSuite" time="4.108" tests="25" errors="0" skipped="24" failures="1">
  <properties>
    <property name="java.runtime.name" value="Java(TM) SE Runtime Environment"/>
    <property name="sun.boot.library.path" value="C:\Program Files\Java\jdk1.8.0_152\jre\bin"/>
    <property name="java.vm.version" value="25.152-b16"/>
    <property name="java.vm.vendor" value="Oracle Corporation"/>
    <property name="java.vendor.url" value="http://java.oracle.com/"/>
    <property name="path.separator" value=";"/>
    <property name="guice.disable.misplaced.annotation.check" value="true"/>
    <property name="java.vm.name" value="Java HotSpot(TM) 64-Bit Server VM"/>
    <property name="file.encoding.pkg" value="sun.io"/>
    <property name="user.script" value=""/>
    <property name="user.country" value="US"/>
    <property name="sun.java.launcher" value="SUN_STANDARD"/>
    <property name="sun.os.patch.level" value=""/>
    <property name="java.vm.specification.name" value="Java Virtual Machine Specification"/>
    <property name="user.dir" value="D:\KPSNovartis\TestNG"/>
    <property name="java.runtime.version" value="1.8.0_152-b16"/>
    <property name="java.awt.graphicsenv" value="sun.awt.Win32GraphicsEnvironment"/>
    <property name="java.endorsed.dirs" value="C:\Program Files\Java\jdk1.8.0_152\jre\lib\endorsed"/>
    <property name="os.arch" value="amd64"/>
    <property name="java.io.tmpdir" value="C:\Users\KH170\AppData\Local\Temp\"/>
    <property name="line.separator" value="&#10;"/>
    <property name="java.vm.specification.vendor" value="Oracle Corporation"/>
    <property name="user.variant" value=""/>
    <property name="os.name" value="Windows 10"/>
    <property name="classworlds.conf" value="D:\Automation\apache-maven-3.2.3\bin\m2.conf"/>
    <property name="sun.jnu.encoding" value="Cp1252"/>
    <property name="java.library.path" value="C:\Program Files\Java\jdk1.8.0_152\bin;C:\WINDOWS\Sun\Java\bin;C:\WINDOWS\system32;C:\WINDOWS;C:\ProgramData\Oracle\Java\javapath;C:\Program Files\Java\jdk1.8.0_152\bin;C:\PROGRAM FILES\IMAGEMAGICK-6.8.6-Q16;C:\PROGRAM FILES (X86)\INTEL\ICLS CLIENT\;C:\PROGRAM FILES\INTEL\ICLS CLIENT\;C:\WINDOWS\SYSTEM32;C:\WINDOWS;C:\WINDOWS\SYSTEM32\WBEM;C:\WINDOWS\SYSTEM32\WINDOWSPOWERSHELL\V1.0\;C:\PROGRAM FILES\INTEL\INTEL(R) MANAGEMENT ENGINE COMPONENTS\DAL;C:\PROGRAM FILES\INTEL\INTEL(R) MANAGEMENT ENGINE COMPONENTS\IPT;C:\PROGRAM FILES (X86)\INTEL\INTEL(R) MANAGEMENT ENGINE COMPONENTS\DAL;C:\PROGRAM FILES (X86)\INTEL\INTEL(R) MANAGEMENT ENGINE COMPONENTS\IPT;C:\PROGRAM FILES (X86)\INTEL\OPENCL SDK\2.0\BIN\X86;C:\PROGRAM FILES (X86)\INTEL\OPENCL SDK\2.0\BIN\X64;C:\PROGRAMDATA\LENOVO\READYAPPS;C:\PROGRAM FILES\TORTOISESVN\BIN;C:\PROGRAM FILES (X86)\JAVA\JDK1.6.0_21\BIN;D:\ANDROID-SDK-WINDOWS\PLATFORM-TOOLS;D:\ANDROID-SDK;D:\ANDROID-SDK-WINDOWS\TOOLS;C:\PROGRAM FILES\NODEJS;C:\PROGRAM FILES (X86)\GIT\BIN;C:\APACHE-ANT-1.9.2\BIN;D:\DINSTALLATIONS\NODEJS\;D:\ANDROID-SDK-WINDOWS\PLATFORMS;D:\GRADLE-2.4\BIN;C:\PROGRAM FILES (X86)\SKYPE\PHONE\;C:\WINDOWS\system32;C:\WINDOWS;C:\WINDOWS\System32\Wbem;C:\WINDOWS\System32\WindowsPowerShell\v1.0\;D:\StudioViz\Viz8.0\Viz80Beta2\Instbeta2\Beta2Installer\Installer\Java\jdk\bin;D:\android-sdk;D:\Automation\apache-maven-3.2.3\bin;%M2%;D:\StudioViz\Installer\Kony\ImageMagick;D:\StudioViz\Installer516\Kony\ImageMagick;D:\StudioViz\VizBeta\Kony\Kony\ImageMagick;C:\Users\KH170\AppData\Roaming\npm;D:\StudioViz\Viz7.3\73GAInstaller\GAInst\ImageMagick;D:\StudioViz\Viz7.3\73GAInstaller\GAInst\Ant\bin;D:\StudioViz\Viz8.0\Viz80Beta2\Instbeta2\Beta2Installer\Installer\ImageMagick;D:\StudioViz\Viz8.0\Viz80Beta2\Instbeta2\Beta2Installer\Installer\Ant\bin;C:\Users\KH170\AppData\Local\Microsoft\WindowsApps;D:\StudioViz\Viz8.0\Ent80GA\ImageMagick;D:\StudioViz\Viz8.0\Ent80GA\Ant\bin;D:\android-sdk-windows\platform-tools;D:\android-sdk-windows\tools;;."/>
    <property name="java.specification.name" value="Java Platform API Specification"/>
    <property name="java.class.version" value="52.0"/>
    <property name="sun.management.compiler" value="HotSpot 64-Bit Tiered Compilers"/>
    <property name="os.version" value="10.0"/>
    <property name="user.home" value="C:\Users\KH170"/>
    <property name="user.timezone" value="Asia/Calcutta"/>
    <property name="java.awt.printerjob" value="sun.awt.windows.WPrinterJob"/>
    <property name="java.specification.version" value="1.8"/>
    <property name="file.encoding" value="Cp1252"/>
    <property name="user.name" value="KH170"/>
    <property name="java.class.path" value="D:\Automation\apache-maven-3.2.3\boot\plexus-classworlds-2.5.1.jar"/>
    <property name="java.vm.specification.version" value="1.8"/>
    <property name="sun.arch.data.model" value="64"/>
    <property name="java.home" value="C:\Program Files\Java\jdk1.8.0_152\jre"/>
    <property name="sun.java.command" value="org.codehaus.plexus.classworlds.launcher.Launcher install"/>
    <property name="java.specification.vendor" value="Oracle Corporation"/>
    <property name="user.language" value="en"/>
    <property name="awt.toolkit" value="sun.awt.windows.WToolkit"/>
    <property name="java.vm.info" value="mixed mode"/>
    <property name="java.version" value="1.8.0_152"/>
    <property name="java.ext.dirs" value="C:\Program Files\Java\jdk1.8.0_152\jre\lib\ext;C:\WINDOWS\Sun\Java\lib\ext"/>
    <property name="sun.boot.class.path" value="C:\Program Files\Java\jdk1.8.0_152\jre\lib\resources.jar;C:\Program Files\Java\jdk1.8.0_152\jre\lib\rt.jar;C:\Program Files\Java\jdk1.8.0_152\jre\lib\sunrsasign.jar;C:\Program Files\Java\jdk1.8.0_152\jre\lib\jsse.jar;C:\Program Files\Java\jdk1.8.0_152\jre\lib\jce.jar;C:\Program Files\Java\jdk1.8.0_152\jre\lib\charsets.jar;C:\Program Files\Java\jdk1.8.0_152\jre\lib\jfr.jar;C:\Program Files\Java\jdk1.8.0_152\jre\classes"/>
    <property name="sun.stderr.encoding" value="cp437"/>
    <property name="java.vendor" value="Oracle Corporation"/>
    <property name="maven.home" value="D:\Automation\apache-maven-3.2.3"/>
    <property name="file.separator" value="\"/>
    <property name="java.vendor.url.bug" value="http://bugreport.sun.com/bugreport/"/>
    <property name="sun.cpu.endian" value="little"/>
    <property name="sun.io.unicode.encoding" value="UnicodeLittle"/>
    <property name="sun.stdout.encoding" value="cp437"/>
    <property name="sun.desktop" value="windows"/>
    <property name="sun.cpu.isalist" value="amd64"/>
  </properties>
  <testcase name="beforeSuite" classname="com.kony.appiumtests.tests.FrmFBLoginTest" time="3.525">
    <failure message="A new session could not be created. (Original error: The following desired capabilities are required, but were not provided: deviceName) (WARNING: The server did not provide any stacktrace information)&#10;Command duration or timeout: 466 milliseconds&#10;Build info: version: &apos;3.8.0&apos;, revision: &apos;924c4067df&apos;, time: &apos;2017-11-30T11:20:39.408Z&apos;&#10;System info: host: &apos;KH170&apos;, ip: &apos;10.10.2.48&apos;, os.name: &apos;Windows 10&apos;, os.arch: &apos;amd64&apos;, os.version: &apos;10.0&apos;, java.version: &apos;1.8.0_152&apos;&#10;Driver info: driver.version: IOSDriver" type="org.openqa.selenium.SessionNotCreatedException">org.openqa.selenium.SessionNotCreatedException: 
A new session could not be created. (Original error: The following desired capabilities are required, but were not provided: deviceName) (WARNING: The server did not provide any stacktrace information)
Command duration or timeout: 466 milliseconds
Build info: version: '3.8.0', revision: '924c4067df', time: '2017-11-30T11:20:39.408Z'
System info: host: 'KH170', ip: '10.10.2.48', os.name: 'Windows 10', os.arch: 'amd64', os.version: '10.0', java.version: '1.8.0_152'
Driver info: driver.version: IOSDriver
</failure>
    <system-out><![CDATA[initializing is starting..........
]]></system-out>
  </testcase>
  <testcase name="setUpPage" classname="com.kony.appiumtests.tests.FrmLoginTest" time="0">
    <skipped/>
  </testcase>
  <testcase name="setUpPage" classname="com.kony.appiumtests.tests.FrmLoginTest" time="0">
    <skipped/>
  </testcase>
  <testcase name="navigateTo" classname="com.kony.appiumtests.tests.FrmLoginTest" time="0">
    <skipped/>
  </testcase>
  <testcase name="beforeMethod" classname="com.kony.appiumtests.tests.FrmLoginTest" time="0">
    <skipped/>
  </testcase>
  <testcase name="testLogin" classname="com.kony.appiumtests.tests.FrmLoginTest" time="0">
    <skipped/>
  </testcase>
  <testcase name="navigateTo" classname="com.kony.appiumtests.tests.FrmMainTest" time="0">
    <skipped/>
  </testcase>
  <testcase name="beforeMethod" classname="com.kony.appiumtests.tests.FrmMainTest" time="0">
    <skipped/>
  </testcase>
  <testcase name="beforeMethod" classname="com.kony.appiumtests.tests.FrmMainTest" time="0">
    <skipped/>
  </testcase>
  <testcase name="testloginmessage" classname="com.kony.appiumtests.tests.FrmMainTest" time="0">
    <skipped/>
  </testcase>
  <testcase name="testlogOut" classname="com.kony.appiumtests.tests.FrmMainTest" time="0">
    <skipped/>
  </testcase>
  <testcase name="afterTest" classname="com.kony.appiumtests.tests.FrmLoginTest" time="0">
    <skipped/>
  </testcase>
  <testcase name="setUpPage" classname="com.kony.appiumtests.tests.FrmRegisterTest" time="0">
    <skipped/>
  </testcase>
  <testcase name="navigateTo" classname="com.kony.appiumtests.tests.FrmRegisterTest" time="0">
    <skipped/>
  </testcase>
  <testcase name="beforeMethod" classname="com.kony.appiumtests.tests.FrmRegisterTest" time="0">
    <skipped/>
  </testcase>
  <testcase name="beforeMethod" classname="com.kony.appiumtests.tests.FrmRegisterTest" time="0">
    <skipped/>
  </testcase>
  <testcase name="testregistercancel" classname="com.kony.appiumtests.tests.FrmRegisterTest" time="0">
    <skipped/>
  </testcase>
  <testcase name="testregisteruser" classname="com.kony.appiumtests.tests.FrmRegisterTest" time="0">
    <skipped/>
  </testcase>
  <testcase name="afterTest" classname="com.kony.appiumtests.tests.FrmRegisterTest" time="0">
    <skipped/>
  </testcase>
  <testcase name="setUpPage" classname="com.kony.appiumtests.tests.FrmFBLoginTest" time="0">
    <skipped/>
  </testcase>
  <testcase name="navigateTo" classname="com.kony.appiumtests.tests.FrmFBLoginTest" time="0">
    <skipped/>
  </testcase>
  <testcase name="beforeMethod" classname="com.kony.appiumtests.tests.FrmFBLoginTest" time="0">
    <skipped/>
  </testcase>
  <testcase name="testfblogin" classname="com.kony.appiumtests.tests.FrmFBLoginTest" time="0">
    <skipped message="A new session could not be created. (Original error: The following desired capabilities are required, but were not provided: deviceName) (WARNING: The server did not provide any stacktrace information)&#10;Command duration or timeout: 466 milliseconds&#10;Build info: version: &apos;3.8.0&apos;, revision: &apos;924c4067df&apos;, time: &apos;2017-11-30T11:20:39.408Z&apos;&#10;System info: host: &apos;KH170&apos;, ip: &apos;10.10.2.48&apos;, os.name: &apos;Windows 10&apos;, os.arch: &apos;amd64&apos;, os.version: &apos;10.0&apos;, java.version: &apos;1.8.0_152&apos;&#10;Driver info: driver.version: IOSDriver"/>
  </testcase>
  <testcase name="afterTest" classname="com.kony.appiumtests.tests.FrmFBLoginTest" time="0">
    <skipped/>
  </testcase>
  <testcase name="tearDownAppium" classname="com.kony.appiumtests.tests.FrmFBLoginTest" time="0">
    <skipped/>
  </testcase>
</testsuite>