<?xml version="1.0" encoding="UTF-8"?>
<testng-results skipped="6" failed="0" ignored="3" total="9" passed="0">
  <reporter-output>
  </reporter-output>
  <suite name="Test for Sample Application" duration-ms="303" started-at="2017-12-21T12:04:16Z" finished-at="2017-12-21T12:04:17Z">
    <groups>
      <group name="Login">
        <method signature="FrmLoginTest.testLogin()[pri:0, instance:com.kony.appiumtests.tests.FrmLoginTest@66d2e7d9]" name="testLogin" class="com.kony.appiumtests.tests.FrmLoginTest"/>
        <method signature="FrmMainTest.testlogOut()[pri:2, instance:com.kony.appiumtests.tests.FrmMainTest@1efbd816]" name="testlogOut" class="com.kony.appiumtests.tests.FrmMainTest"/>
        <method signature="FrmMainTest.testloginmessage()[pri:1, instance:com.kony.appiumtests.tests.FrmMainTest@1efbd816]" name="testloginmessage" class="com.kony.appiumtests.tests.FrmMainTest"/>
      </group> <!-- Login -->
    </groups>
    <test name="Testcase for Login" duration-ms="93" started-at="2017-12-21T12:04:16Z" finished-at="2017-12-21T12:04:17Z">
      <class name="com.kony.appiumtests.tests.FrmLoginTest">
        <test-method status="SKIP" signature="setUpPage()[pri:0, instance:com.kony.appiumtests.tests.FrmLoginTest@66d2e7d9]" name="setUpPage" is-config="true" duration-ms="0" started-at="2017-12-21T17:34:16Z" finished-at="2017-12-21T17:34:16Z">
          <reporter-output>
          </reporter-output>
        </test-method> <!-- setUpPage -->
        <test-method status="SKIP" signature="setUpPage()[pri:0, instance:com.kony.appiumtests.tests.FrmMainTest@1efbd816]" name="setUpPage" is-config="true" duration-ms="0" started-at="2017-12-21T17:34:16Z" finished-at="2017-12-21T17:34:16Z">
          <reporter-output>
          </reporter-output>
        </test-method> <!-- setUpPage -->
        <test-method status="SKIP" signature="navigateTo()[pri:0, instance:com.kony.appiumtests.tests.FrmLoginTest@66d2e7d9]" name="navigateTo" is-config="true" duration-ms="0" started-at="2017-12-21T17:34:16Z" finished-at="2017-12-21T17:34:16Z">
          <reporter-output>
          </reporter-output>
        </test-method> <!-- navigateTo -->
        <test-method status="SKIP" signature="beforeMethod()[pri:0, instance:com.kony.appiumtests.tests.FrmLoginTest@66d2e7d9]" name="beforeMethod" is-config="true" duration-ms="0" started-at="2017-12-21T17:34:17Z" finished-at="2017-12-21T17:34:17Z">
          <reporter-output>
          </reporter-output>
        </test-method> <!-- beforeMethod -->
        <test-method status="SKIP" signature="testLogin()[pri:0, instance:com.kony.appiumtests.tests.FrmLoginTest@66d2e7d9]" name="testLogin" duration-ms="0" started-at="2017-12-21T17:34:17Z" finished-at="2017-12-21T17:34:17Z">
          <reporter-output>
          </reporter-output>
        </test-method> <!-- testLogin -->
        <test-method status="SKIP" signature="afterTest()[pri:0, instance:com.kony.appiumtests.tests.FrmLoginTest@66d2e7d9]" name="afterTest" is-config="true" duration-ms="0" started-at="2017-12-21T17:34:17Z" finished-at="2017-12-21T17:34:17Z">
          <reporter-output>
          </reporter-output>
        </test-method> <!-- afterTest -->
      </class> <!-- com.kony.appiumtests.tests.FrmLoginTest -->
      <class name="com.kony.appiumtests.tests.FrmMainTest">
        <test-method status="SKIP" signature="navigateTo()[pri:0, instance:com.kony.appiumtests.tests.FrmMainTest@1efbd816]" name="navigateTo" is-config="true" duration-ms="0" started-at="2017-12-21T17:34:17Z" finished-at="2017-12-21T17:34:17Z">
          <reporter-output>
          </reporter-output>
        </test-method> <!-- navigateTo -->
        <test-method status="SKIP" signature="beforeMethod()[pri:0, instance:com.kony.appiumtests.tests.FrmMainTest@1efbd816]" name="beforeMethod" is-config="true" duration-ms="0" started-at="2017-12-21T17:34:17Z" finished-at="2017-12-21T17:34:17Z">
          <reporter-output>
          </reporter-output>
        </test-method> <!-- beforeMethod -->
        <test-method status="SKIP" signature="testloginmessage()[pri:1, instance:com.kony.appiumtests.tests.FrmMainTest@1efbd816]" name="testloginmessage" duration-ms="0" started-at="2017-12-21T17:34:17Z" finished-at="2017-12-21T17:34:17Z">
          <reporter-output>
          </reporter-output>
        </test-method> <!-- testloginmessage -->
        <test-method status="SKIP" signature="beforeMethod()[pri:0, instance:com.kony.appiumtests.tests.FrmMainTest@1efbd816]" name="beforeMethod" is-config="true" duration-ms="0" started-at="2017-12-21T17:34:17Z" finished-at="2017-12-21T17:34:17Z">
          <reporter-output>
          </reporter-output>
        </test-method> <!-- beforeMethod -->
        <test-method status="SKIP" signature="testlogOut()[pri:2, instance:com.kony.appiumtests.tests.FrmMainTest@1efbd816]" name="testlogOut" duration-ms="0" started-at="2017-12-21T17:34:17Z" finished-at="2017-12-21T17:34:17Z">
          <reporter-output>
          </reporter-output>
        </test-method> <!-- testlogOut -->
      </class> <!-- com.kony.appiumtests.tests.FrmMainTest -->
    </test> <!-- Testcase for Login -->
    <test name="Testcase for Register" duration-ms="5" started-at="2017-12-21T12:04:17Z" finished-at="2017-12-21T12:04:17Z">
      <class name="com.kony.appiumtests.tests.FrmRegisterTest">
        <test-method status="SKIP" signature="setUpPage()[pri:0, instance:com.kony.appiumtests.tests.FrmRegisterTest@6d00a15d]" name="setUpPage" is-config="true" duration-ms="0" started-at="2017-12-21T17:34:17Z" finished-at="2017-12-21T17:34:17Z">
          <reporter-output>
          </reporter-output>
        </test-method> <!-- setUpPage -->
        <test-method status="SKIP" signature="navigateTo()[pri:0, instance:com.kony.appiumtests.tests.FrmRegisterTest@6d00a15d]" name="navigateTo" is-config="true" duration-ms="0" started-at="2017-12-21T17:34:17Z" finished-at="2017-12-21T17:34:17Z">
          <reporter-output>
          </reporter-output>
        </test-method> <!-- navigateTo -->
        <test-method status="SKIP" signature="testregistercancel()[pri:3, instance:com.kony.appiumtests.tests.FrmRegisterTest@6d00a15d]" name="testregistercancel" duration-ms="0" started-at="2017-12-21T17:34:17Z" finished-at="2017-12-21T17:34:17Z">
          <reporter-output>
          </reporter-output>
        </test-method> <!-- testregistercancel -->
        <test-method status="SKIP" signature="beforeMethod()[pri:0, instance:com.kony.appiumtests.tests.FrmRegisterTest@6d00a15d]" name="beforeMethod" is-config="true" duration-ms="0" started-at="2017-12-21T17:34:17Z" finished-at="2017-12-21T17:34:17Z">
          <reporter-output>
          </reporter-output>
        </test-method> <!-- beforeMethod -->
        <test-method status="SKIP" signature="testregisteruser()[pri:4, instance:com.kony.appiumtests.tests.FrmRegisterTest@6d00a15d]" name="testregisteruser" duration-ms="0" started-at="2017-12-21T17:34:17Z" finished-at="2017-12-21T17:34:17Z">
          <reporter-output>
          </reporter-output>
        </test-method> <!-- testregisteruser -->
        <test-method status="SKIP" signature="beforeMethod()[pri:0, instance:com.kony.appiumtests.tests.FrmRegisterTest@6d00a15d]" name="beforeMethod" is-config="true" duration-ms="0" started-at="2017-12-21T17:34:17Z" finished-at="2017-12-21T17:34:17Z">
          <reporter-output>
          </reporter-output>
        </test-method> <!-- beforeMethod -->
        <test-method status="SKIP" signature="afterTest()[pri:0, instance:com.kony.appiumtests.tests.FrmRegisterTest@6d00a15d]" name="afterTest" is-config="true" duration-ms="0" started-at="2017-12-21T17:34:17Z" finished-at="2017-12-21T17:34:17Z">
          <reporter-output>
          </reporter-output>
        </test-method> <!-- afterTest -->
      </class> <!-- com.kony.appiumtests.tests.FrmRegisterTest -->
    </test> <!-- Testcase for Register -->
    <test name="Testcase for FB Login" duration-ms="4" started-at="2017-12-21T12:04:17Z" finished-at="2017-12-21T12:04:17Z">
      <class name="com.kony.appiumtests.tests.FrmFBLoginTest">
        <test-method status="FAIL" signature="beforeSuite()[pri:0, instance:com.kony.appiumtests.tests.FrmFBLoginTest@62ee68d8]" name="beforeSuite" is-config="true" duration-ms="2446" started-at="2017-12-21T17:34:14Z" finished-at="2017-12-21T17:34:16Z">
          <exception class="org.openqa.selenium.SessionNotCreatedException">
            <message>
              <![CDATA[A new session could not be created. (Original error: The following desired capabilities are required, but were not provided: deviceName) (WARNING: The server did not provide any stacktrace information)
Command duration or timeout: 466 milliseconds
Build info: version: '3.8.0', revision: '924c4067df', time: '2017-11-30T11:20:39.408Z'
System info: host: 'KH170', ip: '10.10.2.48', os.name: 'Windows 10', os.arch: 'amd64', os.version: '10.0', java.version: '1.8.0_152'
Driver info: driver.version: IOSDriver]]>
            </message>
            <full-stacktrace>
              <![CDATA[org.openqa.selenium.SessionNotCreatedException: A new session could not be created. (Original error: The following desired capabilities are required, but were not provided: deviceName) (WARNING: The server did not provide any stacktrace information)
Command duration or timeout: 466 milliseconds
Build info: version: '3.8.0', revision: '924c4067df', time: '2017-11-30T11:20:39.408Z'
System info: host: 'KH170', ip: '10.10.2.48', os.name: 'Windows 10', os.arch: 'amd64', os.version: '10.0', java.version: '1.8.0_152'
Driver info: driver.version: IOSDriver
	at sun.reflect.NativeConstructorAccessorImpl.newInstance0(Native Method)
	at sun.reflect.NativeConstructorAccessorImpl.newInstance(NativeConstructorAccessorImpl.java:62)
	at sun.reflect.DelegatingConstructorAccessorImpl.newInstance(DelegatingConstructorAccessorImpl.java:45)
	at java.lang.reflect.Constructor.newInstance(Constructor.java:423)
	at org.openqa.selenium.remote.ErrorHandler.createThrowable(ErrorHandler.java:214)
	at org.openqa.selenium.remote.ErrorHandler.throwIfResponseFailed(ErrorHandler.java:166)
	at org.openqa.selenium.remote.JsonWireProtocolResponse.lambda$new$0(JsonWireProtocolResponse.java:53)
	at org.openqa.selenium.remote.JsonWireProtocolResponse.lambda$getResponseFunction$2(JsonWireProtocolResponse.java:91)
	at org.openqa.selenium.remote.ProtocolHandshake.lambda$createSession$0(ProtocolHandshake.java:123)
	at java.util.stream.ReferencePipeline$3$1.accept(ReferencePipeline.java:193)
	at java.util.Spliterators$ArraySpliterator.tryAdvance(Spliterators.java:958)
	at java.util.stream.ReferencePipeline.forEachWithCancel(ReferencePipeline.java:126)
	at java.util.stream.AbstractPipeline.copyIntoWithCancel(AbstractPipeline.java:498)
	at java.util.stream.AbstractPipeline.copyInto(AbstractPipeline.java:485)
	at java.util.stream.AbstractPipeline.wrapAndCopyInto(AbstractPipeline.java:471)
	at java.util.stream.FindOps$FindOp.evaluateSequential(FindOps.java:152)
	at java.util.stream.AbstractPipeline.evaluate(AbstractPipeline.java:234)
	at java.util.stream.ReferencePipeline.findFirst(ReferencePipeline.java:464)
	at org.openqa.selenium.remote.ProtocolHandshake.createSession(ProtocolHandshake.java:126)
	at org.openqa.selenium.remote.ProtocolHandshake.createSession(ProtocolHandshake.java:73)
	at org.openqa.selenium.remote.HttpCommandExecutor.execute(HttpCommandExecutor.java:142)
	at io.appium.java_client.remote.AppiumCommandExecutor.execute(AppiumCommandExecutor.java:89)
	at org.openqa.selenium.remote.RemoteWebDriver.execute(RemoteWebDriver.java:601)
	at io.appium.java_client.DefaultGenericMobileDriver.execute(DefaultGenericMobileDriver.java:42)
	at io.appium.java_client.AppiumDriver.execute(AppiumDriver.java:1)
	at io.appium.java_client.ios.IOSDriver.execute(IOSDriver.java:1)
	at org.openqa.selenium.remote.RemoteWebDriver.startSession(RemoteWebDriver.java:219)
	at org.openqa.selenium.remote.RemoteWebDriver.<init>(RemoteWebDriver.java:142)
	at io.appium.java_client.DefaultGenericMobileDriver.<init>(DefaultGenericMobileDriver.java:38)
	at io.appium.java_client.AppiumDriver.<init>(AppiumDriver.java:83)
	at io.appium.java_client.AppiumDriver.<init>(AppiumDriver.java:93)
	at io.appium.java_client.ios.IOSDriver.<init>(IOSDriver.java:78)
	at com.kony.appiumtests.tests.BaseTest.beforeSuite(BaseTest.java:66)
	at sun.reflect.NativeMethodAccessorImpl.invoke0(Native Method)
	at sun.reflect.NativeMethodAccessorImpl.invoke(NativeMethodAccessorImpl.java:62)
	at sun.reflect.DelegatingMethodAccessorImpl.invoke(DelegatingMethodAccessorImpl.java:43)
	at java.lang.reflect.Method.invoke(Method.java:498)
	at org.testng.internal.MethodInvocationHelper.invokeMethod(MethodInvocationHelper.java:108)
	at org.testng.internal.Invoker.invokeConfigurationMethod(Invoker.java:523)
	at org.testng.internal.Invoker.invokeConfigurations(Invoker.java:224)
	at org.testng.internal.Invoker.invokeConfigurations(Invoker.java:146)
	at org.testng.SuiteRunner.privateRun(SuiteRunner.java:326)
	at org.testng.SuiteRunner.run(SuiteRunner.java:289)
	at org.testng.SuiteRunnerWorker.runSuite(SuiteRunnerWorker.java:52)
	at org.testng.SuiteRunnerWorker.run(SuiteRunnerWorker.java:86)
	at org.testng.TestNG.runSuitesSequentially(TestNG.java:1301)
	at org.testng.TestNG.runSuitesLocally(TestNG.java:1226)
	at org.testng.TestNG.runSuites(TestNG.java:1144)
	at org.testng.TestNG.run(TestNG.java:1115)
	at org.apache.maven.surefire.testng.TestNGExecutor.run(TestNGExecutor.java:281)
	at org.apache.maven.surefire.testng.TestNGXmlTestSuite.execute(TestNGXmlTestSuite.java:75)
	at org.apache.maven.surefire.testng.TestNGProvider.invoke(TestNGProvider.java:121)
	at org.apache.maven.surefire.booter.ForkedBooter.invokeProviderInSameClassLoader(ForkedBooter.java:290)
	at org.apache.maven.surefire.booter.ForkedBooter.runSuitesInProcess(ForkedBooter.java:242)
	at org.apache.maven.surefire.booter.ForkedBooter.main(ForkedBooter.java:121)
]]>
            </full-stacktrace>
          </exception> <!-- org.openqa.selenium.SessionNotCreatedException -->
          <reporter-output>
          </reporter-output>
        </test-method> <!-- beforeSuite -->
        <test-method status="SKIP" signature="setUpPage()[pri:0, instance:com.kony.appiumtests.tests.FrmFBLoginTest@62ee68d8]" name="setUpPage" is-config="true" duration-ms="0" started-at="2017-12-21T17:34:17Z" finished-at="2017-12-21T17:34:17Z">
          <reporter-output>
          </reporter-output>
        </test-method> <!-- setUpPage -->
        <test-method status="SKIP" signature="navigateTo()[pri:0, instance:com.kony.appiumtests.tests.FrmFBLoginTest@62ee68d8]" name="navigateTo" is-config="true" duration-ms="0" started-at="2017-12-21T17:34:17Z" finished-at="2017-12-21T17:34:17Z">
          <reporter-output>
          </reporter-output>
        </test-method> <!-- navigateTo -->
        <test-method status="SKIP" signature="beforeMethod()[pri:0, instance:com.kony.appiumtests.tests.FrmFBLoginTest@62ee68d8]" name="beforeMethod" is-config="true" duration-ms="0" started-at="2017-12-21T17:34:17Z" finished-at="2017-12-21T17:34:17Z">
          <reporter-output>
          </reporter-output>
        </test-method> <!-- beforeMethod -->
        <test-method status="SKIP" signature="testfblogin()[pri:0, instance:com.kony.appiumtests.tests.FrmFBLoginTest@62ee68d8]" name="testfblogin" duration-ms="0" started-at="2017-12-21T17:34:17Z" finished-at="2017-12-21T17:34:17Z">
          <exception class="org.openqa.selenium.SessionNotCreatedException">
            <message>
              <![CDATA[A new session could not be created. (Original error: The following desired capabilities are required, but were not provided: deviceName) (WARNING: The server did not provide any stacktrace information)
Command duration or timeout: 466 milliseconds
Build info: version: '3.8.0', revision: '924c4067df', time: '2017-11-30T11:20:39.408Z'
System info: host: 'KH170', ip: '10.10.2.48', os.name: 'Windows 10', os.arch: 'amd64', os.version: '10.0', java.version: '1.8.0_152'
Driver info: driver.version: IOSDriver]]>
            </message>
            <full-stacktrace>
              <![CDATA[org.openqa.selenium.SessionNotCreatedException: A new session could not be created. (Original error: The following desired capabilities are required, but were not provided: deviceName) (WARNING: The server did not provide any stacktrace information)
Command duration or timeout: 466 milliseconds
Build info: version: '3.8.0', revision: '924c4067df', time: '2017-11-30T11:20:39.408Z'
System info: host: 'KH170', ip: '10.10.2.48', os.name: 'Windows 10', os.arch: 'amd64', os.version: '10.0', java.version: '1.8.0_152'
Driver info: driver.version: IOSDriver
	at sun.reflect.NativeConstructorAccessorImpl.newInstance0(Native Method)
	at sun.reflect.NativeConstructorAccessorImpl.newInstance(NativeConstructorAccessorImpl.java:62)
	at sun.reflect.DelegatingConstructorAccessorImpl.newInstance(DelegatingConstructorAccessorImpl.java:45)
	at java.lang.reflect.Constructor.newInstance(Constructor.java:423)
	at org.openqa.selenium.remote.ErrorHandler.createThrowable(ErrorHandler.java:214)
	at org.openqa.selenium.remote.ErrorHandler.throwIfResponseFailed(ErrorHandler.java:166)
	at org.openqa.selenium.remote.JsonWireProtocolResponse.lambda$new$0(JsonWireProtocolResponse.java:53)
	at org.openqa.selenium.remote.JsonWireProtocolResponse.lambda$getResponseFunction$2(JsonWireProtocolResponse.java:91)
	at org.openqa.selenium.remote.ProtocolHandshake.lambda$createSession$0(ProtocolHandshake.java:123)
	at java.util.stream.ReferencePipeline$3$1.accept(ReferencePipeline.java:193)
	at java.util.Spliterators$ArraySpliterator.tryAdvance(Spliterators.java:958)
	at java.util.stream.ReferencePipeline.forEachWithCancel(ReferencePipeline.java:126)
	at java.util.stream.AbstractPipeline.copyIntoWithCancel(AbstractPipeline.java:498)
	at java.util.stream.AbstractPipeline.copyInto(AbstractPipeline.java:485)
	at java.util.stream.AbstractPipeline.wrapAndCopyInto(AbstractPipeline.java:471)
	at java.util.stream.FindOps$FindOp.evaluateSequential(FindOps.java:152)
	at java.util.stream.AbstractPipeline.evaluate(AbstractPipeline.java:234)
	at java.util.stream.ReferencePipeline.findFirst(ReferencePipeline.java:464)
	at org.openqa.selenium.remote.ProtocolHandshake.createSession(ProtocolHandshake.java:126)
	at org.openqa.selenium.remote.ProtocolHandshake.createSession(ProtocolHandshake.java:73)
	at org.openqa.selenium.remote.HttpCommandExecutor.execute(HttpCommandExecutor.java:142)
	at io.appium.java_client.remote.AppiumCommandExecutor.execute(AppiumCommandExecutor.java:89)
	at org.openqa.selenium.remote.RemoteWebDriver.execute(RemoteWebDriver.java:601)
	at io.appium.java_client.DefaultGenericMobileDriver.execute(DefaultGenericMobileDriver.java:42)
	at io.appium.java_client.AppiumDriver.execute(AppiumDriver.java:1)
	at io.appium.java_client.ios.IOSDriver.execute(IOSDriver.java:1)
	at org.openqa.selenium.remote.RemoteWebDriver.startSession(RemoteWebDriver.java:219)
	at org.openqa.selenium.remote.RemoteWebDriver.<init>(RemoteWebDriver.java:142)
	at io.appium.java_client.DefaultGenericMobileDriver.<init>(DefaultGenericMobileDriver.java:38)
	at io.appium.java_client.AppiumDriver.<init>(AppiumDriver.java:83)
	at io.appium.java_client.AppiumDriver.<init>(AppiumDriver.java:93)
	at io.appium.java_client.ios.IOSDriver.<init>(IOSDriver.java:78)
	at com.kony.appiumtests.tests.BaseTest.beforeSuite(BaseTest.java:66)
	at sun.reflect.NativeMethodAccessorImpl.invoke0(Native Method)
	at sun.reflect.NativeMethodAccessorImpl.invoke(NativeMethodAccessorImpl.java:62)
	at sun.reflect.DelegatingMethodAccessorImpl.invoke(DelegatingMethodAccessorImpl.java:43)
	at java.lang.reflect.Method.invoke(Method.java:498)
	at org.testng.internal.MethodInvocationHelper.invokeMethod(MethodInvocationHelper.java:108)
	at org.testng.internal.Invoker.invokeConfigurationMethod(Invoker.java:523)
	at org.testng.internal.Invoker.invokeConfigurations(Invoker.java:224)
	at org.testng.internal.Invoker.invokeConfigurations(Invoker.java:146)
	at org.testng.SuiteRunner.privateRun(SuiteRunner.java:326)
	at org.testng.SuiteRunner.run(SuiteRunner.java:289)
	at org.testng.SuiteRunnerWorker.runSuite(SuiteRunnerWorker.java:52)
	at org.testng.SuiteRunnerWorker.run(SuiteRunnerWorker.java:86)
	at org.testng.TestNG.runSuitesSequentially(TestNG.java:1301)
	at org.testng.TestNG.runSuitesLocally(TestNG.java:1226)
	at org.testng.TestNG.runSuites(TestNG.java:1144)
	at org.testng.TestNG.run(TestNG.java:1115)
	at org.apache.maven.surefire.testng.TestNGExecutor.run(TestNGExecutor.java:281)
	at org.apache.maven.surefire.testng.TestNGXmlTestSuite.execute(TestNGXmlTestSuite.java:75)
	at org.apache.maven.surefire.testng.TestNGProvider.invoke(TestNGProvider.java:121)
	at org.apache.maven.surefire.booter.ForkedBooter.invokeProviderInSameClassLoader(ForkedBooter.java:290)
	at org.apache.maven.surefire.booter.ForkedBooter.runSuitesInProcess(ForkedBooter.java:242)
	at org.apache.maven.surefire.booter.ForkedBooter.main(ForkedBooter.java:121)
]]>
            </full-stacktrace>
          </exception> <!-- org.openqa.selenium.SessionNotCreatedException -->
          <reporter-output>
          </reporter-output>
        </test-method> <!-- testfblogin -->
        <test-method status="SKIP" signature="afterTest()[pri:0, instance:com.kony.appiumtests.tests.FrmFBLoginTest@62ee68d8]" name="afterTest" is-config="true" duration-ms="0" started-at="2017-12-21T17:34:17Z" finished-at="2017-12-21T17:34:17Z">
          <reporter-output>
          </reporter-output>
        </test-method> <!-- afterTest -->
        <test-method status="SKIP" signature="tearDownAppium()[pri:0, instance:com.kony.appiumtests.tests.FrmFBLoginTest@62ee68d8]" name="tearDownAppium" is-config="true" duration-ms="0" started-at="2017-12-21T17:34:17Z" finished-at="2017-12-21T17:34:17Z">
          <reporter-output>
          </reporter-output>
        </test-method> <!-- tearDownAppium -->
      </class> <!-- com.kony.appiumtests.tests.FrmFBLoginTest -->
    </test> <!-- Testcase for FB Login -->
  </suite> <!-- Test for Sample Application -->
</testng-results>
